2025/01/16 14:56:54 GET     | 404 | [::1]:64486     |              | 50.833µs     | "/files/filebrowser/settings/users/new"
2025/01/16 14:56:54 GET     | 404 | [::1]:64486     |              | 7.583µs      | "/favicon.ico"
2025/01/16 17:27:35 GET     | 200 | [::1]:53757     |              | 407.417µs    | "/filebrowser/"
2025/01/16 17:27:35 GET     | 200 | [::1]:53758     |              | 6.736917ms   | "/filebrowser/static/assets/index-_otlPYGz.js"
2025/01/16 17:27:35 GET     | 401 | [::1]:53758     |              | 195.167µs    | "/filebrowser/api/users?id=self"
2025/01/16 17:27:37 POST    | 200 | [::1]:53758     |              | 88.167791ms  | "/filebrowser/api/auth/login"
2025/01/16 17:27:37 GET     | 200 | [::1]:53758     | admin        | 114.417µs    | "/filebrowser/api/users?id=self"
2025/01/16 17:27:37 GET     | 200 | [::1]:53758     | admin        | 410.5µs      | "/filebrowser/api/resources?path=%2F&content=false"
2025/01/16 17:27:37 GET     | 200 | [::1]:53759     | admin        | 125.375µs    | "/filebrowser/api/usage?source=default"
2025/01/16 17:31:37 GET     | 200 | [::1]:53759     |              | 175.209µs    | "/filebrowser/files/"
2025/01/16 17:31:38 GET     | 200 | [::1]:53758     | admin        | 167.625µs    | "/filebrowser/api/users?id=self"
2025/01/16 17:31:38 GET     | 200 | [::1]:54853     | admin        | 138.834µs    | "/filebrowser/api/usage?source=default"
2025/01/16 17:31:38 GET     | 200 | [::1]:53758     | admin        | 15.287542ms  | "/filebrowser/api/resources?path=%2F&content=false"
2025/01/16 17:31:51 POST    | 200 | [::1]:54853     | admin        | 9.537167ms   | "/filebrowser/api/resources?path=/Alq.%20Ramon%20Ribeyro%20591%20Miraflores%20%202024.docx&override=true"
2025/01/16 17:31:55 GET     | 200 | [::1]:54853     |              | 90.75µs      | "/filebrowser/files/"
2025/01/16 17:31:55 GET     | 200 | [::1]:53758     | admin        | 93.167µs     | "/filebrowser/api/users?id=self"
2025/01/16 17:31:55 GET     | 200 | [::1]:53758     | admin        | 488.375µs    | "/filebrowser/api/resources?path=%2F&content=false"
2025/01/16 17:31:55 GET     | 200 | [::1]:54940     | admin        | 69.792µs     | "/filebrowser/api/usage?source=default"
2025/01/16 17:31:59 GET     | 200 | [::1]:54940     | admin        | 1.649959ms   | "/filebrowser/api/resources?path=%2FAlq.%20Ramon%20Ribeyro%20591%20Miraflores%20%202024.docx&content=false"
2025/01/16 17:31:59 GET     | 200 | [::1]:54940     | admin        | 13.301292ms  | "/filebrowser/api/resources?path=%2FAlq.%20Ramon%20Ribeyro%20591%20Miraflores%20%202024.docx&content=true"
2025/01/16 17:32:05 GET     | 200 | [::1]:54940     |              | 131.5µs      | "/filebrowser/files/Alq. Ramon Ribeyro 591 Miraflores  2024.docx"
2025/01/16 17:32:05 GET     | 200 | [::1]:53758     |              | 28.010083ms  | "/filebrowser/static/assets/index-_otlPYGz.js"
2025/01/16 17:32:05 GET     | 200 | [::1]:55006     |              | 5.4865ms     | "/filebrowser/static/assets/index-PEWAhv4l.css"
2025/01/16 17:32:05 GET     | 200 | [::1]:55005     |              | 4.041541ms   | "/filebrowser/static/assets/i18n-BbUYOhbp.js"
2025/01/16 17:32:05 GET     | 200 | [::1]:55005     |              | 858.667µs    | "/filebrowser/static/assets/normal-latin-44DxGZCZ.woff2"
2025/01/16 17:32:05 GET     | 200 | [::1]:55005     | admin        | 302.667µs    | "/filebrowser/api/users?id=self"
2025/01/16 17:32:05 GET     | 200 | [::1]:55005     | admin        | 803.167µs    | "/filebrowser/api/resources?path=%2FAlq.%2520Ramon%2520Ribeyro%2520591%2520Miraflores%2520%25202024.docx&content=false"
2025/01/16 17:32:05 GET     | 200 | [::1]:55005     | admin        | 140µs        | "/filebrowser/api/usage?source=default"
2025/01/16 17:32:05 GET     | 200 | [::1]:55006     |              | 2.113542ms   | "/filebrowser/static/img/icons/favicon-256x256.png"
2025/01/16 17:32:05 GET     | 200 | [::1]:55005     | admin        | 3.887208ms   | "/filebrowser/api/resources?path=%2FAlq.%2520Ramon%2520Ribeyro%2520591%2520Miraflores%2520%25202024.docx&content=true"
2025/01/16 17:32:05 GET     | 200 | [::1]:53758     |              | 4.897208ms   | "/filebrowser/static/assets/bold-latin-CiQBian2.woff2"
2025/01/16 17:32:05 GET     | 200 | [::1]:55005     |              | 5.26875ms    | "/filebrowser/static/assets/medium-latin-qoGZqeje.woff2"
2025/01/16 17:34:23 GET     | 404 | [::1]:55703     |              | 22.875µs     | "/files/"
2025/01/16 17:34:23 GET     | 404 | [::1]:55703     |              | 11.542µs     | "/favicon.ico"
2025/01/16 17:34:25 GET     | 404 | [::1]:55703     |              | 7.584µs      | "/files/"
2025/01/16 17:34:31 GET     | 200 | [::1]:55703     |              | 432.334µs    | "/filebrowser/"
2025/01/16 17:34:31 GET     | 200 | [::1]:55704     |              | 4.913291ms   | "/filebrowser/static/assets/index-DPUT1oRW.js"
2025/01/16 17:34:32 GET     | 200 | [::1]:55704     | admin        | 429.709µs    | "/filebrowser/api/users?id=self"
2025/01/16 17:34:32 GET     | 200 | [::1]:55704     | admin        | 795.625µs    | "/filebrowser/api/resources?path=%2F&content=false"
2025/01/16 17:34:32 GET     | 200 | [::1]:55746     | admin        | 332.458µs    | "/filebrowser/api/usage?source=default"
2025/01/16 17:34:34 GET     | 200 | [::1]:55746     | admin        | 1.0605ms     | "/filebrowser/api/resources?path=%2FAlq.%20Ramon%20Ribeyro%20591%20Miraflores%20%202024.docx&content=false"
2025/01/16 17:34:34 GET     | 200 | [::1]:55746     | admin        | 2.007291ms   | "/filebrowser/api/resources?path=%2FAlq.%20Ramon%20Ribeyro%20591%20Miraflores%20%202024.docx&content=true"
2025/01/16 17:34:40 GET     | 200 | [::1]:55746     |              | 87.958µs     | "/filebrowser/files/Alq. Ramon Ribeyro 591 Miraflores  2024.docx"
2025/01/16 17:34:40 GET     | 200 | [::1]:55704     |              | 370.125µs    | "/filebrowser/static/assets/index-DPUT1oRW.js"
2025/01/16 17:34:40 GET     | 200 | [::1]:55780     |              | 12.616416ms  | "/filebrowser/static/assets/i18n-BbUYOhbp.js"
2025/01/16 17:34:40 GET     | 200 | [::1]:55781     |              | 7.993833ms   | "/filebrowser/static/assets/index-PEWAhv4l.css"
2025/01/16 17:34:40 GET     | 200 | [::1]:55780     |              | 1.242458ms   | "/filebrowser/static/assets/normal-latin-44DxGZCZ.woff2"
2025/01/16 17:34:40 GET     | 200 | [::1]:55780     | admin        | 137.791µs    | "/filebrowser/api/users?id=self"
2025/01/16 17:34:40 GET     | 200 | [::1]:55780     | admin        | 361.208µs    | "/filebrowser/api/resources?path=%2FAlq.%2520Ramon%2520Ribeyro%2520591%2520Miraflores%2520%25202024.docx&content=false"
2025/01/16 17:34:40 GET     | 200 | [::1]:55781     | admin        | 75.083µs     | "/filebrowser/api/usage?source=default"
2025/01/16 17:34:40 GET     | 200 | [::1]:55780     | admin        | 620.375µs    | "/filebrowser/api/resources?path=%2FAlq.%2520Ramon%2520Ribeyro%2520591%2520Miraflores%2520%25202024.docx&content=true"
2025/01/16 17:34:40 GET     | 200 | [::1]:55781     |              | 6.445041ms   | "/filebrowser/static/img/icons/favicon-256x256.png"
2025/01/16 17:34:40 GET     | 200 | [::1]:55704     |              | 4.695167ms   | "/filebrowser/static/assets/bold-latin-CiQBian2.woff2"
2025/01/16 17:34:40 GET     | 200 | [::1]:55781     |              | 3.510459ms   | "/filebrowser/static/assets/medium-latin-qoGZqeje.woff2"
2025/01/16 17:38:31 GET     | 200 | [::1]:56783     |              | 330.125µs    | "/filebrowser/files/Alq. Ramon Ribeyro 591 Miraflores  2024.docx"
2025/01/16 17:38:31 GET     | 200 | [::1]:56784     | admin        | 570.208µs    | "/filebrowser/api/users?id=self"
2025/01/16 17:38:31 GET     | 200 | [::1]:56784     | admin        | 529.417µs    | "/filebrowser/api/resources?path=%2FAlq.%2520Ramon%2520Ribeyro%2520591%2520Miraflores%2520%25202024.docx&content=false"
2025/01/16 17:38:31 GET     | 200 | [::1]:56784     | admin        | 333.041µs    | "/filebrowser/api/usage?source=default"
2025/01/16 17:38:31 GET     | 200 | [::1]:56784     | admin        | 1.807458ms   | "/filebrowser/api/resources?path=%2FAlq.%2520Ramon%2520Ribeyro%2520591%2520Miraflores%2520%25202024.docx&content=true"
2025/01/16 17:38:31 GET     | 200 | [::1]:56785     |              | 448.959µs    | "/filebrowser/static/img/icons/favicon-256x256.png"
2025/01/16 17:39:21 GET     | 200 | [::1]:56994     |              | 328.25µs     | "/filebrowser/files/Alq. Ramon Ribeyro 591 Miraflores  2024.docx"
2025/01/16 17:39:21 GET     | 200 | [::1]:56995     |              | 2.98425ms    | "/filebrowser/static/assets/index-BshrNGdd.js"
2025/01/16 17:39:21 GET     | 200 | [::1]:56995     | admin        | 1.158916ms   | "/filebrowser/api/users?id=self"
2025/01/16 17:39:21 GET     | 200 | [::1]:56995     | admin        | 603.291µs    | "/filebrowser/api/resources?path=%2FAlq.%2520Ramon%2520Ribeyro%2520591%2520Miraflores%2520%25202024.docx&content=false"
2025/01/16 17:39:21 GET     | 200 | [::1]:56995     | admin        | 122.208µs    | "/filebrowser/api/usage?source=default"
2025/01/16 17:39:21 GET     | 200 | [::1]:56995     | admin        | 4.355167ms   | "/filebrowser/api/resources?path=%2FAlq.%2520Ramon%2520Ribeyro%2520591%2520Miraflores%2520%25202024.docx&content=true"
2025/01/16 17:39:23 GET     | 200 | [::1]:56995     |              | 109.25µs     | "/filebrowser/files/Alq. Ramon Ribeyro 591 Miraflores  2024.docx"
2025/01/16 17:39:23 GET     | 200 | [::1]:57007     |              | 10.561958ms  | "/filebrowser/static/assets/i18n-BbUYOhbp.js"
2025/01/16 17:39:23 GET     | 200 | [::1]:57009     |              | 377.459µs    | "/filebrowser/static/assets/index-BshrNGdd.js"
2025/01/16 17:39:23 GET     | 200 | [::1]:57010     |              | 3.952625ms   | "/filebrowser/static/assets/index-PEWAhv4l.css"
2025/01/16 17:39:23 GET     | 200 | [::1]:57010     |              | 958.584µs    | "/filebrowser/static/assets/normal-latin-44DxGZCZ.woff2"
2025/01/16 17:39:23 GET     | 200 | [::1]:57010     | admin        | 532.083µs    | "/filebrowser/api/users?id=self"
2025/01/16 17:39:23 GET     | 200 | [::1]:57010     | admin        | 805.667µs    | "/filebrowser/api/resources?path=%2FAlq.%2520Ramon%2520Ribeyro%2520591%2520Miraflores%2520%25202024.docx&content=false"
2025/01/16 17:39:23 GET     | 200 | [::1]:57009     | admin        | 884.792µs    | "/filebrowser/api/usage?source=default"
2025/01/16 17:39:23 GET     | 200 | [::1]:57010     | admin        | 529.041µs    | "/filebrowser/api/resources?path=%2FAlq.%2520Ramon%2520Ribeyro%2520591%2520Miraflores%2520%25202024.docx&content=true"
2025/01/16 17:39:23 GET     | 200 | [::1]:57007     |              | 4.960708ms   | "/filebrowser/static/img/icons/favicon-256x256.png"
2025/01/16 17:39:23 GET     | 200 | [::1]:57009     |              | 3.756667ms   | "/filebrowser/static/assets/bold-latin-CiQBian2.woff2"
2025/01/16 17:39:23 GET     | 200 | [::1]:57007     |              | 9.169208ms   | "/filebrowser/static/assets/medium-latin-qoGZqeje.woff2"
2025/01/16 17:40:10 GET     | 200 | [::1]:57214     |              | 340.417µs    | "/filebrowser/files/Alq. Ramon Ribeyro 591 Miraflores  2024.docx"
2025/01/16 17:40:10 GET     | 200 | [::1]:57215     |              | 3.208167ms   | "/filebrowser/static/assets/index-rFtSqdFW.js"
2025/01/16 17:40:10 GET     | 200 | [::1]:57216     |              | 5.640917ms   | "/filebrowser/static/assets/i18n-BbUYOhbp.js"
2025/01/16 17:40:10 GET     | 200 | [::1]:57217     |              | 2.235125ms   | "/filebrowser/static/assets/index-PEWAhv4l.css"
2025/01/16 17:40:10 GET     | 200 | [::1]:57217     |              | 499.541µs    | "/filebrowser/static/assets/normal-latin-44DxGZCZ.woff2"
2025/01/16 17:40:10 GET     | 200 | [::1]:57217     | admin        | 573µs        | "/filebrowser/api/users?id=self"
2025/01/16 17:40:10 GET     | 200 | [::1]:57217     | admin        | 546.5µs      | "/filebrowser/api/resources?path=%2FAlq.%2520Ramon%2520Ribeyro%2520591%2520Miraflores%2520%25202024.docx&content=false"
2025/01/16 17:40:10 GET     | 200 | [::1]:57217     | admin        | 265.833µs    | "/filebrowser/api/usage?source=default"
2025/01/16 17:40:10 GET     | 200 | [::1]:57216     |              | 1.105417ms   | "/filebrowser/static/img/icons/favicon-256x256.png"
2025/01/16 17:40:10 GET     | 200 | [::1]:57217     |              | 4.330042ms   | "/filebrowser/static/assets/bold-latin-CiQBian2.woff2"
2025/01/16 17:40:10 GET     | 200 | [::1]:57216     |              | 2.318167ms   | "/filebrowser/static/assets/medium-latin-qoGZqeje.woff2"
2025/01/16 17:40:10 GET     | 200 | [::1]:57215     | admin        | 2.94775ms    | "/filebrowser/api/resources?path=%2FAlq.%2520Ramon%2520Ribeyro%2520591%2520Miraflores%2520%25202024.docx&content=true"
2025/01/16 17:45:02 GET     | 200 | [::1]:58495     |              | 333.167µs    | "/filebrowser/files/Alq. Ramon Ribeyro 591 Miraflores  2024.docx"
2025/01/16 17:45:02 GET     | 200 | [::1]:58496     |              | 2.922417ms   | "/filebrowser/static/assets/index-yBR2iOwo.js"
2025/01/16 17:45:02 GET     | 200 | [::1]:58496     | admin        | 341.417µs    | "/filebrowser/api/users?id=self"
2025/01/16 17:45:02 GET     | 200 | [::1]:58496     | admin        | 406.916µs    | "/filebrowser/api/resources?path=%2FAlq.%2520Ramon%2520Ribeyro%2520591%2520Miraflores%2520%25202024.docx&content=false"
2025/01/16 17:45:02 GET     | 200 | [::1]:58502     | admin        | 895.167µs    | "/filebrowser/api/usage?source=default"
2025/01/16 17:45:02 GET     | 200 | [::1]:58496     |              | 416.625µs    | "/filebrowser/static/img/icons/favicon-256x256.png"
2025/01/16 17:45:02 GET     | 200 | [::1]:58502     | admin        | 914.25µs     | "/filebrowser/api/resources?path=%2FAlq.%2520Ramon%2520Ribeyro%2520591%2520Miraflores%2520%25202024.docx&content=true"
2025/01/16 17:45:21 GET     | 200 | [::1]:58581     |              | 371.833µs    | "/filebrowser/files/Alq. Ramon Ribeyro 591 Miraflores  2024.docx"
2025/01/16 17:45:21 GET     | 200 | [::1]:58582     |              | 806.583µs    | "/filebrowser/static/assets/index-D_pGd0_e.js"
2025/01/16 17:45:21 GET     | 200 | [::1]:58582     | admin        | 700.083µs    | "/filebrowser/api/users?id=self"
2025/01/16 17:45:21 GET     | 200 | [::1]:58582     | admin        | 2.606583ms   | "/filebrowser/api/resources?path=%2FAlq.%2520Ramon%2520Ribeyro%2520591%2520Miraflores%2520%25202024.docx&content=false"
2025/01/16 17:45:21 GET     | 200 | [::1]:58583     | admin        | 145.916µs    | "/filebrowser/api/usage?source=default"
2025/01/16 17:45:21 GET     | 200 | [::1]:58583     | admin        | 1.389125ms   | "/filebrowser/api/resources?path=%2FAlq.%2520Ramon%2520Ribeyro%2520591%2520Miraflores%2520%25202024.docx&content=true"
2025/01/16 17:45:23 GET     | 200 | [::1]:58583     |              | 122.417µs    | "/filebrowser/files/Alq. Ramon Ribeyro 591 Miraflores  2024.docx"
2025/01/16 17:45:23 GET     | 200 | [::1]:58582     |              | 300.916µs    | "/filebrowser/static/assets/index-D_pGd0_e.js"
2025/01/16 17:45:23 GET     | 200 | [::1]:58599     |              | 5.792833ms   | "/filebrowser/static/assets/i18n-BbUYOhbp.js"
2025/01/16 17:45:23 GET     | 200 | [::1]:58600     |              | 7.95575ms    | "/filebrowser/static/assets/index-PEWAhv4l.css"
2025/01/16 17:45:23 GET     | 200 | [::1]:58600     |              | 888.958µs    | "/filebrowser/static/assets/normal-latin-44DxGZCZ.woff2"
2025/01/16 17:45:23 GET     | 200 | [::1]:58600     | admin        | 341.125µs    | "/filebrowser/api/users?id=self"
2025/01/16 17:45:23 GET     | 200 | [::1]:58600     | admin        | 499.208µs    | "/filebrowser/api/resources?path=%2FAlq.%2520Ramon%2520Ribeyro%2520591%2520Miraflores%2520%25202024.docx&content=false"
2025/01/16 17:45:23 GET     | 200 | [::1]:58600     | admin        | 95.083µs     | "/filebrowser/api/usage?source=default"
2025/01/16 17:45:23 GET     | 200 | [::1]:58600     |              | 4.410875ms   | "/filebrowser/static/assets/bold-latin-CiQBian2.woff2"
2025/01/16 17:45:23 GET     | 200 | [::1]:58582     |              | 4.467584ms   | "/filebrowser/static/assets/medium-latin-qoGZqeje.woff2"
2025/01/16 17:45:23 GET     | 200 | [::1]:58599     | admin        | 897µs        | "/filebrowser/api/resources?path=%2FAlq.%2520Ramon%2520Ribeyro%2520591%2520Miraflores%2520%25202024.docx&content=true"
2025/01/16 17:45:23 GET     | 200 | [::1]:58582     |              | 3.436875ms   | "/filebrowser/static/img/icons/favicon-256x256.png"
2025/01/16 17:46:19 GET     | 200 | [::1]:58836     |              | 406.625µs    | "/filebrowser/files/Alq. Ramon Ribeyro 591 Miraflores  2024.docx"
2025/01/16 17:46:19 GET     | 200 | [::1]:58837     |              | 1.340167ms   | "/filebrowser/static/assets/index-BZEIZE6R.js"
2025/01/16 17:46:19 GET     | 200 | [::1]:58837     | admin        | 1.469084ms   | "/filebrowser/api/users?id=self"
2025/01/16 17:46:19 GET     | 200 | [::1]:58837     | admin        | 499.625µs    | "/filebrowser/api/resources?path=%2FAlq.%2520Ramon%2520Ribeyro%2520591%2520Miraflores%2520%25202024.docx&content=false"
2025/01/16 17:46:19 GET     | 200 | [::1]:58837     | admin        | 126.584µs    | "/filebrowser/api/usage?source=default"
2025/01/16 17:46:19 GET     | 200 | [::1]:58837     | admin        | 824.625µs    | "/filebrowser/api/resources?path=%2FAlq.%2520Ramon%2520Ribeyro%2520591%2520Miraflores%2520%25202024.docx&content=true"
2025/01/16 17:46:19 GET     | 500 | [::1]:58837     | admin        | 230.833µs    | "/filebrowser/api/onlyoffice/config?isMobile=false"
2025/01/16 17:46:21 GET     | 200 | [::1]:58837     |              | 119.458µs    | "/filebrowser/files/Alq. Ramon Ribeyro 591 Miraflores  2024.docx"
2025/01/16 17:46:21 GET     | 200 | [::1]:58852     |              | 291.291µs    | "/filebrowser/static/assets/index-BZEIZE6R.js"
2025/01/16 17:46:21 GET     | 200 | [::1]:58853     |              | 3.905084ms   | "/filebrowser/static/assets/i18n-BbUYOhbp.js"
2025/01/16 17:46:21 GET     | 200 | [::1]:58854     |              | 10.1115ms    | "/filebrowser/static/assets/index-PEWAhv4l.css"
2025/01/16 17:46:22 GET     | 200 | [::1]:58854     |              | 2.151083ms   | "/filebrowser/static/assets/normal-latin-44DxGZCZ.woff2"
2025/01/16 17:46:22 GET     | 200 | [::1]:58854     | admin        | 763.583µs    | "/filebrowser/api/users?id=self"
2025/01/16 17:46:22 GET     | 200 | [::1]:58854     | admin        | 374.375µs    | "/filebrowser/api/resources?path=%2FAlq.%2520Ramon%2520Ribeyro%2520591%2520Miraflores%2520%25202024.docx&content=false"
2025/01/16 17:46:22 GET     | 200 | [::1]:58853     | admin        | 109.75µs     | "/filebrowser/api/usage?source=default"
2025/01/16 17:46:22 GET     | 200 | [::1]:58852     | admin        | 901.459µs    | "/filebrowser/api/resources?path=%2FAlq.%2520Ramon%2520Ribeyro%2520591%2520Miraflores%2520%25202024.docx&content=true"
2025/01/16 17:46:22 GET     | 200 | [::1]:58854     |              | 7.639459ms   | "/filebrowser/static/img/icons/favicon-256x256.png"
2025/01/16 17:46:22 GET     | 200 | [::1]:58853     |              | 2.566958ms   | "/filebrowser/static/assets/bold-latin-CiQBian2.woff2"
2025/01/16 17:46:22 GET     | 200 | [::1]:58854     |              | 4.019333ms   | "/filebrowser/static/assets/medium-latin-qoGZqeje.woff2"
2025/01/16 17:46:22 GET     | 500 | [::1]:58852     | admin        | 69.75µs      | "/filebrowser/api/onlyoffice/config?isMobile=false"
2025/01/16 17:47:20 GET     | 200 | [::1]:59106     |              | 359.625µs    | "/filebrowser/files/Alq. Ramon Ribeyro 591 Miraflores  2024.docx"
2025/01/16 17:47:20 GET     | 200 | [::1]:59107     | admin        | 556.834µs    | "/filebrowser/api/users?id=self"
2025/01/16 17:47:20 GET     | 200 | [::1]:59108     | admin        | 222.916µs    | "/filebrowser/api/usage?source=default"
2025/01/16 17:47:20 GET     | 200 | [::1]:59107     | admin        | 8.612958ms   | "/filebrowser/api/resources?path=%2FAlq.%2520Ramon%2520Ribeyro%2520591%2520Miraflores%2520%25202024.docx&content=false"
2025/01/16 17:47:20 GET     | 200 | [::1]:59107     | admin        | 1.202083ms   | "/filebrowser/api/resources?path=%2FAlq.%2520Ramon%2520Ribeyro%2520591%2520Miraflores%2520%25202024.docx&content=true"
2025/01/16 17:47:20 GET     | 200 | [::1]:59108     |              | 896.209µs    | "/filebrowser/static/img/icons/favicon-256x256.png"
2025/01/16 17:47:20 GET     | 500 | [::1]:59108     | admin        | 103.375µs    | "/filebrowser/api/onlyoffice/config?isMobile=false"
2025/01/16 17:47:20 GET     | 200 | [::1]:59108     |              | 120.458µs    | "/filebrowser/files/Alq. Ramon Ribeyro 591 Miraflores  2024.docx"
2025/01/16 17:47:20 GET     | 200 | [::1]:59107     | admin        | 157.708µs    | "/filebrowser/api/users?id=self"
2025/01/16 17:47:21 GET     | 200 | [::1]:59107     | admin        | 358.542µs    | "/filebrowser/api/resources?path=%2FAlq.%2520Ramon%2520Ribeyro%2520591%2520Miraflores%2520%25202024.docx&content=false"
2025/01/16 17:47:21 GET     | 200 | [::1]:59107     | admin        | 245.333µs    | "/filebrowser/api/usage?source=default"
2025/01/16 17:47:21 GET     | 200 | [::1]:59107     | admin        | 866.167µs    | "/filebrowser/api/resources?path=%2FAlq.%2520Ramon%2520Ribeyro%2520591%2520Miraflores%2520%25202024.docx&content=true"
2025/01/16 17:47:21 GET     | 500 | [::1]:59107     | admin        | 132.625µs    | "/filebrowser/api/onlyoffice/config?isMobile=false"
2025/01/16 17:48:33 GET     | 200 | [::1]:59424     |              | 319µs        | "/filebrowser/files/Alq. Ramon Ribeyro 591 Miraflores  2024.docx"
2025/01/16 17:48:33 GET     | 200 | [::1]:59425     |              | 43.628125ms  | "/filebrowser/static/assets/index-pCwUak3j.js"
2025/01/16 17:48:33 GET     | 200 | [::1]:59427     |              | 2.002708ms   | "/filebrowser/static/assets/index-PEWAhv4l.css"
2025/01/16 17:48:33 GET     | 200 | [::1]:59426     |              | 44.934ms     | "/filebrowser/static/assets/i18n-BbUYOhbp.js"
2025/01/16 17:48:33 GET     | 200 | [::1]:59426     |              | 607.333µs    | "/filebrowser/static/assets/normal-latin-44DxGZCZ.woff2"
2025/01/16 17:48:33 GET     | 200 | [::1]:59426     | admin        | 897.25µs     | "/filebrowser/api/users?id=self"
2025/01/16 17:48:33 GET     | 200 | [::1]:59426     | admin        | 637.542µs    | "/filebrowser/api/resources?path=%2FAlq.%2520Ramon%2520Ribeyro%2520591%2520Miraflores%2520%25202024.docx&content=false"
2025/01/16 17:48:33 GET     | 200 | [::1]:59426     | admin        | 127.541µs    | "/filebrowser/api/usage?source=default"
2025/01/16 17:48:33 GET     | 200 | [::1]:59426     |              | 910.541µs    | "/filebrowser/static/assets/bold-latin-CiQBian2.woff2"
2025/01/16 17:48:33 GET     | 200 | [::1]:59425     |              | 5.989208ms   | "/filebrowser/static/assets/medium-latin-qoGZqeje.woff2"
2025/01/16 17:48:33 GET     | 200 | [::1]:59426     | admin        | 1.525125ms   | "/filebrowser/api/resources?path=%2FAlq.%2520Ramon%2520Ribeyro%2520591%2520Miraflores%2520%25202024.docx&content=true"
2025/01/16 17:48:33 GET     | 200 | [::1]:59425     |              | 3.98525ms    | "/filebrowser/static/img/icons/favicon-256x256.png"
2025/01/16 17:48:56 GET     | 200 | [::1]:59526     |              | 399.334µs    | "/filebrowser/files/Alq. Ramon Ribeyro 591 Miraflores  2024.docx"
2025/01/16 17:48:56 GET     | 200 | [::1]:59527     |              | 665µs        | "/filebrowser/static/assets/index-o_qFgwht.js"
2025/01/16 17:48:56 GET     | 200 | [::1]:59527     | admin        | 533.792µs    | "/filebrowser/api/users?id=self"
2025/01/16 17:48:57 GET     | 200 | [::1]:59527     | admin        | 5.599ms      | "/filebrowser/api/resources?path=%2FAlq.%2520Ramon%2520Ribeyro%2520591%2520Miraflores%2520%25202024.docx&content=false"
2025/01/16 17:48:57 GET     | 200 | [::1]:59532     | admin        | 235.375µs    | "/filebrowser/api/usage?source=default"
2025/01/16 17:48:57 GET     | 200 | [::1]:59527     | admin        | 10.605041ms  | "/filebrowser/api/resources?path=%2FAlq.%2520Ramon%2520Ribeyro%2520591%2520Miraflores%2520%25202024.docx&content=true"
2025/01/16 17:48:57 GET     | 200 | [::1]:59527     | admin        | 306.625µs    | "/filebrowser/api/resources?path=%2F&content=false"
2025/01/16 17:48:58 GET     | 200 | [::1]:59527     |              | 268.958µs    | "/filebrowser/files/Alq. Ramon Ribeyro 591 Miraflores  2024.docx"
2025/01/16 17:48:58 GET     | 200 | [::1]:59532     |              | 523.834µs    | "/filebrowser/static/assets/index-o_qFgwht.js"
2025/01/16 17:48:58 GET     | 200 | [::1]:59538     |              | 18.248708ms  | "/filebrowser/static/assets/i18n-BbUYOhbp.js"
2025/01/16 17:48:58 GET     | 200 | [::1]:59532     |              | 12.453666ms  | "/filebrowser/static/assets/index-PEWAhv4l.css"
2025/01/16 17:48:59 GET     | 200 | [::1]:59532     |              | 5.371875ms   | "/filebrowser/static/assets/normal-latin-44DxGZCZ.woff2"
2025/01/16 17:48:59 GET     | 200 | [::1]:59532     | admin        | 273.292µs    | "/filebrowser/api/users?id=self"
2025/01/16 17:48:59 GET     | 200 | [::1]:59538     |              | 2.822333ms   | "/filebrowser/static/img/icons/favicon-256x256.png"
2025/01/16 17:48:59 GET     | 200 | [::1]:59538     | admin        | 1.496833ms   | "/filebrowser/api/resources?path=%2FAlq.%2520Ramon%2520Ribeyro%2520591%2520Miraflores%2520%25202024.docx&content=false"
2025/01/16 17:48:59 GET     | 200 | [::1]:59532     | admin        | 153.792µs    | "/filebrowser/api/usage?source=default"
2025/01/16 17:48:59 GET     | 200 | [::1]:59532     | admin        | 437.5µs      | "/filebrowser/api/resources?path=%2FAlq.%2520Ramon%2520Ribeyro%2520591%2520Miraflores%2520%25202024.docx&content=true"
2025/01/16 17:48:59 GET     | 200 | [::1]:59543     |              | 1.412042ms   | "/filebrowser/static/assets/bold-latin-CiQBian2.woff2"
2025/01/16 17:48:59 GET     | 200 | [::1]:59544     |              | 1.041791ms   | "/filebrowser/static/assets/medium-latin-qoGZqeje.woff2"
2025/01/16 17:48:59 GET     | 200 | [::1]:59532     | admin        | 385.334µs    | "/filebrowser/api/resources?path=%2F&content=false"
2025/01/16 17:49:51 GET     | 200 | [::1]:59762     |              | 357.875µs    | "/filebrowser/files/Alq. Ramon Ribeyro 591 Miraflores  2024.docx"
2025/01/16 17:49:51 GET     | 200 | [::1]:59763     | admin        | 448.334µs    | "/filebrowser/api/users?id=self"
2025/01/16 17:49:51 GET     | 200 | [::1]:59763     | admin        | 433µs        | "/filebrowser/api/resources?path=%2FAlq.%2520Ramon%2520Ribeyro%2520591%2520Miraflores%2520%25202024.docx&content=false"
2025/01/16 17:49:51 GET     | 200 | [::1]:59763     | admin        | 127.792µs    | "/filebrowser/api/usage?source=default"
2025/01/16 17:49:51 GET     | 200 | [::1]:59763     | admin        | 1.093916ms   | "/filebrowser/api/resources?path=%2FAlq.%2520Ramon%2520Ribeyro%2520591%2520Miraflores%2520%25202024.docx&content=true"
2025/01/16 17:49:51 GET     | 500 | [::1]:59763     | admin        | 137.959µs    | "/filebrowser/api/onlyoffice/config?isMobile=false"
2025/01/16 17:50:44 GET     | 200 | [::1]:60005     |              | 405.417µs    | "/filebrowser/files/Alq. Ramon Ribeyro 591 Miraflores  2024.docx"
2025/01/16 17:50:44 GET     | 200 | [::1]:60006     | admin        | 275.708µs    | "/filebrowser/api/users?id=self"
2025/01/16 17:50:44 GET     | 200 | [::1]:60009     | admin        | 181.375µs    | "/filebrowser/api/usage?source=default"
2025/01/16 17:50:44 GET     | 200 | [::1]:60006     | admin        | 3.0415ms     | "/filebrowser/api/resources?path=%2FAlq.%2520Ramon%2520Ribeyro%2520591%2520Miraflores%2520%25202024.docx&content=false"
2025/01/16 17:50:44 GET     | 200 | [::1]:60009     | admin        | 1.987625ms   | "/filebrowser/api/resources?path=%2FAlq.%2520Ramon%2520Ribeyro%2520591%2520Miraflores%2520%25202024.docx&content=true"
2025/01/16 17:51:44 GET     | 200 | [::1]:60272     | admin        | 449µs        | "/filebrowser/api/resources?path=%2F&content=false"
2025/01/16 17:51:46 GET     | 200 | [::1]:60272     |              | 117.25µs     | "/filebrowser/files"
2025/01/16 17:51:46 GET     | 200 | [::1]:60281     |              | 2.840917ms   | "/filebrowser/static/assets/index-o_qFgwht.js"
2025/01/16 17:51:46 GET     | 200 | [::1]:60282     |              | 28.288125ms  | "/filebrowser/static/assets/i18n-BbUYOhbp.js"
2025/01/16 17:51:46 GET     | 200 | [::1]:60283     |              | 27.501458ms  | "/filebrowser/static/assets/index-PEWAhv4l.css"
2025/01/16 17:51:46 GET     | 200 | [::1]:60282     |              | 4.557541ms   | "/filebrowser/static/assets/normal-latin-44DxGZCZ.woff2"
2025/01/16 17:51:46 GET     | 200 | [::1]:60282     | admin        | 282.708µs    | "/filebrowser/api/users?id=self"
2025/01/16 17:51:46 GET     | 200 | [::1]:60282     | admin        | 969µs        | "/filebrowser/api/resources?path=%2F&content=false"
2025/01/16 17:51:46 GET     | 200 | [::1]:60283     | admin        | 1.17725ms    | "/filebrowser/api/usage?source=default"
2025/01/16 17:51:46 GET     | 200 | [::1]:60282     |              | 3.672708ms   | "/filebrowser/static/assets/bold-latin-CiQBian2.woff2"
2025/01/16 17:51:46 GET     | 200 | [::1]:60283     |              | 9.65375ms    | "/filebrowser/static/assets/medium-latin-qoGZqeje.woff2"
2025/01/16 17:51:46 GET     | 200 | [::1]:60282     |              | 10.814084ms  | "/filebrowser/static/img/icons/favicon-256x256.png"
2025/01/16 17:51:48 GET     | 200 | [::1]:60299     | admin        | 1.237959ms   | "/filebrowser/api/resources?path=%2FAlq.%20Ramon%20Ribeyro%20591%20Miraflores%20%202024.docx&content=false"
2025/01/16 17:51:48 GET     | 200 | [::1]:60299     | admin        | 2.237917ms   | "/filebrowser/api/resources?path=%2FAlq.%20Ramon%20Ribeyro%20591%20Miraflores%20%202024.docx&content=true"
2025/01/16 17:53:05 GET     | 200 | [::1]:60657     |              | 379.291µs    | "/filebrowser/files/Alq. Ramon Ribeyro 591 Miraflores  2024.docx"
2025/01/16 17:53:05 GET     | 200 | [::1]:60658     | admin        | 586.458µs    | "/filebrowser/api/users?id=self"
2025/01/16 17:53:06 GET     | 200 | [::1]:60658     | admin        | 477.875µs    | "/filebrowser/api/resources?path=%2FAlq.%2520Ramon%2520Ribeyro%2520591%2520Miraflores%2520%25202024.docx&content=false"
2025/01/16 17:53:06 GET     | 200 | [::1]:60660     | admin        | 322.875µs    | "/filebrowser/api/usage?source=default"
2025/01/16 17:53:06 GET     | 200 | [::1]:60660     | admin        | 4.228375ms   | "/filebrowser/api/resources?path=%2FAlq.%2520Ramon%2520Ribeyro%2520591%2520Miraflores%2520%25202024.docx&content=true"
2025/01/16 17:53:06 GET     | 200 | [::1]:60660     | admin        | 796.125µs    | "/filebrowser/api/onlyoffice/config?isMobile=false"
